<?xml version="1.0" encoding="UTF-8"?>
<testsuite xmlns:xsi="http://www.w3.org/2001/XMLSchema-instance" xsi:noNamespaceSchemaLocation="https://maven.apache.org/surefire/maven-surefire-plugin/xsd/surefire-test-report-3.0.xsd" version="3.0" name="br.edu.br.meuprimeirospringboot.MeuprimeirospringbootApplicationTests" time="7.515" tests="1" errors="0" skipped="0" failures="0">
  <properties>
[...]
</properties>
  <testcase name="contextLoads" classname="br.edu.br.meuprimeirospringboot.MeuprimeirospringbootApplicationTests" time="0.524">
    <system-out><![CDATA[10:52:40.701 [main] INFO org.springframework.test.context.support.AnnotationConfigContextLoaderUtils -- Could not detect default configuration classes for test class [br.edu.br.meuprimeirospringboot.MeuprimeirospringbootApplicationTests]: MeuprimeirospringbootApplicationTests does not declare any static, non-private, non-final, nested classes annotated with @Configuration.
10:52:40.790 [main] INFO org.springframework.boot.test.context.SpringBootTestContextBootstrapper -- Found @SpringBootConfiguration br.edu.br.meuprimeirospringboot.MeuprimeirospringbootApplication for test class br.edu.br.meuprimeirospringboot.MeuprimeirospringbootApplicationTests
10:52:40.949 [main] INFO org.springframework.boot.devtools.restart.RestartApplicationListener -- Restart disabled due to context in which it is running

  .   ____          _            __ _ _
 /\\ / ___'_ __ _ _(_)_ __  __ _ \ \ \ \
( ( )\___ | '_ | '_| | '_ \/ _` | \ \ \ \
 \\/  ___)| |_)| | | | | || (_| |  ) ) ) )
  '  |____| .__|_| |_|_| |_\__, | / / / /
 =========|_|==============|___/=/_/_/_/

 :: Spring Boot ::                (v3.3.5)

2025-02-16T10:52:41.186-03:00  INFO 127679 --- [meuprimeirospringboot] [           main] .m.MeuprimeirospringbootApplicationTests : Starting MeuprimeirospringbootApplicationTests using Java 17.0.13 with PID 127679 (started by guinafelix in /home/guinafelix/dev/tjw2024.2)
2025-02-16T10:52:41.187-03:00  INFO 127679 --- [meuprimeirospringboot] [           main] .m.MeuprimeirospringbootApplicationTests : No active profile set, falling back to 1 default profile: "default"
2025-02-16T10:52:41.903-03:00  INFO 127679 --- [meuprimeirospringboot] [           main] .s.d.r.c.RepositoryConfigurationDelegate : Bootstrapping Spring Data JPA repositories in DEFAULT mode.
2025-02-16T10:52:41.974-03:00  INFO 127679 --- [meuprimeirospringboot] [           main] .s.d.r.c.RepositoryConfigurationDelegate : Finished Spring Data repository scanning in 63 ms. Found 7 JPA repository interfaces.
2025-02-16T10:52:43.572-03:00  INFO 127679 --- [meuprimeirospringboot] [           main] liquibase.changelog                      : Reading from tjw.DATABASECHANGELOG
2025-02-16T10:52:43.663-03:00  INFO 127679 --- [meuprimeirospringboot] [           main] liquibase.ui                             : Database is up to date, no changesets to execute
2025-02-16T10:52:43.666-03:00  INFO 127679 --- [meuprimeirospringboot] [           main] liquibase.changelog                      : Reading from tjw.DATABASECHANGELOG
2025-02-16T10:52:43.682-03:00  INFO 127679 --- [meuprimeirospringboot] [           main] liquibase.util                           : UPDATE SUMMARY
2025-02-16T10:52:43.682-03:00  INFO 127679 --- [meuprimeirospringboot] [           main] liquibase.util                           : Run:                          0
2025-02-16T10:52:43.682-03:00  INFO 127679 --- [meuprimeirospringboot] [           main] liquibase.util                           : Previously run:              28
2025-02-16T10:52:43.683-03:00  INFO 127679 --- [meuprimeirospringboot] [           main] liquibase.util                           : Filtered out:                 0
2025-02-16T10:52:43.683-03:00  INFO 127679 --- [meuprimeirospringboot] [           main] liquibase.util                           : -------------------------------
2025-02-16T10:52:43.683-03:00  INFO 127679 --- [meuprimeirospringboot] [           main] liquibase.util                           : Total change sets:           28
2025-02-16T10:52:43.684-03:00  INFO 127679 --- [meuprimeirospringboot] [           main] liquibase.util                           : Update summary generated
2025-02-16T10:52:43.708-03:00  INFO 127679 --- [meuprimeirospringboot] [           main] liquibase.lockservice                    : Successfully released change log lock
2025-02-16T10:52:43.710-03:00  INFO 127679 --- [meuprimeirospringboot] [           main] liquibase.command                        : Command execution complete
2025-02-16T10:52:43.807-03:00  INFO 127679 --- [meuprimeirospringboot] [           main] o.hibernate.jpa.internal.util.LogHelper  : HHH000204: Processing PersistenceUnitInfo [name: default]
2025-02-16T10:52:43.866-03:00  INFO 127679 --- [meuprimeirospringboot] [           main] org.hibernate.Version                    : HHH000412: Hibernate ORM core version 6.5.3.Final
2025-02-16T10:52:43.904-03:00  INFO 127679 --- [meuprimeirospringboot] [           main] o.h.c.internal.RegionFactoryInitiator    : HHH000026: Second-level cache disabled
2025-02-16T10:52:44.202-03:00  INFO 127679 --- [meuprimeirospringboot] [           main] o.s.o.j.p.SpringPersistenceUnitInfo      : No LoadTimeWeaver setup: ignoring JPA class transformer
2025-02-16T10:52:44.229-03:00  INFO 127679 --- [meuprimeirospringboot] [           main] com.zaxxer.hikari.HikariDataSource       : HikariPool-1 - Starting...
2025-02-16T10:52:44.243-03:00  INFO 127679 --- [meuprimeirospringboot] [           main] com.zaxxer.hikari.pool.HikariPool        : HikariPool-1 - Added connection com.mysql.cj.jdbc.ConnectionImpl@20c283b4
2025-02-16T10:52:44.246-03:00  INFO 127679 --- [meuprimeirospringboot] [           main] com.zaxxer.hikari.HikariDataSource       : HikariPool-1 - Start completed.
2025-02-16T10:52:45.161-03:00  INFO 127679 --- [meuprimeirospringboot] [           main] o.h.e.t.j.p.i.JtaPlatformInitiator       : HHH000489: No JTA platform available (set 'hibernate.transaction.jta.platform' to enable JTA platform integration)
2025-02-16T10:52:45.262-03:00  INFO 127679 --- [meuprimeirospringboot] [           main] j.LocalContainerEntityManagerFactoryBean : Initialized JPA EntityManagerFactory for persistence unit 'default'
2025-02-16T10:52:45.547-03:00  INFO 127679 --- [meuprimeirospringboot] [           main] o.s.d.j.r.query.QueryEnhancerFactory     : Hibernate is in classpath; If applicable, HQL parser will be used.
2025-02-16T10:52:46.158-03:00  WARN 127679 --- [meuprimeirospringboot] [           main] JpaBaseConfiguration$JpaWebConfiguration : spring.jpa.open-in-view is enabled by default. Therefore, database queries may be performed during view rendering. Explicitly configure spring.jpa.open-in-view to disable this warning
2025-02-16T10:52:46.406-03:00  INFO 127679 --- [meuprimeirospringboot] [           main] r$InitializeUserDetailsManagerConfigurer : Global AuthenticationManager configured with UserDetailsService bean with name userDetailsService
2025-02-16T10:52:46.474-03:00  INFO 127679 --- [meuprimeirospringboot] [           main] o.s.b.a.w.s.WelcomePageHandlerMapping    : Adding welcome page template: index
2025-02-16T10:52:47.550-03:00  INFO 127679 --- [meuprimeirospringboot] [           main] .m.MeuprimeirospringbootApplicationTests : Started MeuprimeirospringbootApplicationTests in 6.613 seconds (process running for 7.479)
]]></system-out>
  </testcase>
</testsuite>