<?xml version="1.0" encoding="UTF-8"?>
<testsuite xmlns:xsi="http://www.w3.org/2001/XMLSchema-instance" xsi:noNamespaceSchemaLocation="https://maven.apache.org/surefire/maven-surefire-plugin/xsd/surefire-test-report-3.0.xsd" version="3.0" name="br.edu.br.meuprimeirospringboot.MeuprimeirospringbootApplicationTests" time="10.619" tests="1" errors="0" skipped="0" failures="0">
  <properties>
[...]
</properties>
  <testcase name="contextLoads" classname="br.edu.br.meuprimeirospringboot.MeuprimeirospringbootApplicationTests" time="0.45">
    <system-out><![CDATA[19:40:36.501 [main] INFO org.springframework.test.context.support.AnnotationConfigContextLoaderUtils -- Could not detect default configuration classes for test class [br.edu.br.meuprimeirospringboot.MeuprimeirospringbootApplicationTests]: MeuprimeirospringbootApplicationTests does not declare any static, non-private, non-final, nested classes annotated with @Configuration.
19:40:36.586 [main] INFO org.springframework.boot.test.context.SpringBootTestContextBootstrapper -- Found @SpringBootConfiguration br.edu.br.meuprimeirospringboot.MeuprimeirospringbootApplication for test class br.edu.br.meuprimeirospringboot.MeuprimeirospringbootApplicationTests
19:40:36.710 [main] INFO org.springframework.boot.devtools.restart.RestartApplicationListener -- Restart disabled due to context in which it is running

  .   ____          _            __ _ _
 /\\ / ___'_ __ _ _(_)_ __  __ _ \ \ \ \
( ( )\___ | '_ | '_| | '_ \/ _` | \ \ \ \
 \\/  ___)| |_)| | | | | || (_| |  ) ) ) )
  '  |____| .__|_| |_|_| |_\__, | / / / /
 =========|_|==============|___/=/_/_/_/

 :: Spring Boot ::                (v3.3.5)

2025-02-17T19:40:36.915-03:00  INFO 32666 --- [meuprimeirospringboot] [           main] .m.MeuprimeirospringbootApplicationTests : Starting MeuprimeirospringbootApplicationTests using Java 17.0.13 with PID 32666 (started by guinafelix in /home/guinafelix/dev/tjw2024.2)
2025-02-17T19:40:36.917-03:00  INFO 32666 --- [meuprimeirospringboot] [           main] .m.MeuprimeirospringbootApplicationTests : No active profile set, falling back to 1 default profile: "default"
2025-02-17T19:40:37.495-03:00  INFO 32666 --- [meuprimeirospringboot] [           main] .s.d.r.c.RepositoryConfigurationDelegate : Bootstrapping Spring Data JPA repositories in DEFAULT mode.
2025-02-17T19:40:37.552-03:00  INFO 32666 --- [meuprimeirospringboot] [           main] .s.d.r.c.RepositoryConfigurationDelegate : Finished Spring Data repository scanning in 50 ms. Found 7 JPA repository interfaces.
2025-02-17T19:40:38.592-03:00  INFO 32666 --- [meuprimeirospringboot] [           main] liquibase.changelog                      : Creating database history table with name: tjw.DATABASECHANGELOG
2025-02-17T19:40:38.778-03:00  INFO 32666 --- [meuprimeirospringboot] [           main] liquibase.changelog                      : Reading from tjw.DATABASECHANGELOG
2025-02-17T19:40:38.904-03:00  INFO 32666 --- [meuprimeirospringboot] [           main] liquibase.ui                             : Database is up to date, no changesets to execute
2025-02-17T19:40:38.906-03:00  INFO 32666 --- [meuprimeirospringboot] [           main] liquibase.changelog                      : Reading from tjw.DATABASECHANGELOG
2025-02-17T19:40:38.913-03:00  INFO 32666 --- [meuprimeirospringboot] [           main] liquibase.util                           : UPDATE SUMMARY
2025-02-17T19:40:38.913-03:00  INFO 32666 --- [meuprimeirospringboot] [           main] liquibase.util                           : Run:                          0
2025-02-17T19:40:38.913-03:00  INFO 32666 --- [meuprimeirospringboot] [           main] liquibase.util                           : Previously run:               0
2025-02-17T19:40:38.913-03:00  INFO 32666 --- [meuprimeirospringboot] [           main] liquibase.util                           : Filtered out:                 0
2025-02-17T19:40:38.913-03:00  INFO 32666 --- [meuprimeirospringboot] [           main] liquibase.util                           : -------------------------------
2025-02-17T19:40:38.913-03:00  INFO 32666 --- [meuprimeirospringboot] [           main] liquibase.util                           : Total change sets:            0
2025-02-17T19:40:38.914-03:00  INFO 32666 --- [meuprimeirospringboot] [           main] liquibase.util                           : Update summary generated
2025-02-17T19:40:38.918-03:00  INFO 32666 --- [meuprimeirospringboot] [           main] liquibase.lockservice                    : Successfully released change log lock
2025-02-17T19:40:38.919-03:00  INFO 32666 --- [meuprimeirospringboot] [           main] liquibase.command                        : Command execution complete
2025-02-17T19:40:38.997-03:00  INFO 32666 --- [meuprimeirospringboot] [           main] o.hibernate.jpa.internal.util.LogHelper  : HHH000204: Processing PersistenceUnitInfo [name: default]
2025-02-17T19:40:39.100-03:00  INFO 32666 --- [meuprimeirospringboot] [           main] org.hibernate.Version                    : HHH000412: Hibernate ORM core version 6.5.3.Final
2025-02-17T19:40:39.173-03:00  INFO 32666 --- [meuprimeirospringboot] [           main] o.h.c.internal.RegionFactoryInitiator    : HHH000026: Second-level cache disabled
2025-02-17T19:40:39.418-03:00  INFO 32666 --- [meuprimeirospringboot] [           main] o.s.o.j.p.SpringPersistenceUnitInfo      : No LoadTimeWeaver setup: ignoring JPA class transformer
2025-02-17T19:40:39.443-03:00  INFO 32666 --- [meuprimeirospringboot] [           main] com.zaxxer.hikari.HikariDataSource       : HikariPool-1 - Starting...
2025-02-17T19:40:39.454-03:00  INFO 32666 --- [meuprimeirospringboot] [           main] com.zaxxer.hikari.pool.HikariPool        : HikariPool-1 - Added connection com.mysql.cj.jdbc.ConnectionImpl@bea5941
2025-02-17T19:40:39.455-03:00  INFO 32666 --- [meuprimeirospringboot] [           main] com.zaxxer.hikari.HikariDataSource       : HikariPool-1 - Start completed.
2025-02-17T19:40:40.381-03:00  INFO 32666 --- [meuprimeirospringboot] [           main] o.h.e.t.j.p.i.JtaPlatformInitiator       : HHH000489: No JTA platform available (set 'hibernate.transaction.jta.platform' to enable JTA platform integration)
Hibernate: create table endereco (id bigint not null, bairro varchar(255), cep varchar(255), logradouro varchar(255), primary key (id)) engine=InnoDB
Hibernate: create table endereco_seq (next_val bigint) engine=InnoDB
Hibernate: insert into endereco_seq values ( 1 )
Hibernate: create table tbl_aluno (id bigint not null, dt_nascimento time(6), email varchar(255), matricula varchar(255), nome_aluno varchar(255), e_id bigint, primary key (id)) engine=InnoDB
Hibernate: create table tbl_aluno_professores (aluno_id bigint not null, professores_id bigint not null) engine=InnoDB
Hibernate: create table tbl_aluno_seq (next_val bigint) engine=InnoDB
Hibernate: insert into tbl_aluno_seq values ( 1 )
Hibernate: create table tbl_disciplina (id bigint not null, carga_horaria integer, codigo varchar(255), ementa varchar(255), nome varchar(255), primary key (id)) engine=InnoDB
Hibernate: create table tbl_disciplina_seq (next_val bigint) engine=InnoDB
Hibernate: insert into tbl_disciplina_seq values ( 1 )
Hibernate: create table tbl_professor (id bigint not null, nome varchar(255), primary key (id)) engine=InnoDB
Hibernate: create table tbl_professor_seq (next_val bigint) engine=InnoDB
Hibernate: insert into tbl_professor_seq values ( 1 )
Hibernate: create table tbl_semestre (id bigint not null, ano varchar(255), data_fim date, data_inicio date, semestre integer, primary key (id)) engine=InnoDB
Hibernate: create table tbl_semestre_seq (next_val bigint) engine=InnoDB
Hibernate: insert into tbl_semestre_seq values ( 1 )
Hibernate: create table tbl_telefone (id bigint not null, is_wpp bit, numero varchar(255), aluno_id bigint, primary key (id)) engine=InnoDB
Hibernate: create table tbl_telefone_seq (next_val bigint) engine=InnoDB
Hibernate: insert into tbl_telefone_seq values ( 1 )
Hibernate: create table tbl_turma (id bigint not null, hora_fim time(6) not null, hora_inicio time(6) not null, disciplina_id bigint not null, professor_id bigint not null, semestre_id bigint not null, primary key (id)) engine=InnoDB
Hibernate: create table tbl_turma_seq (next_val bigint) engine=InnoDB
Hibernate: insert into tbl_turma_seq values ( 1 )
Hibernate: create table turma_aluno (turma_id bigint not null, aluno_id bigint not null, primary key (turma_id, aluno_id)) engine=InnoDB
Hibernate: alter table tbl_aluno drop index UKdwu59xakjxy05pb0r7kjwwklg
Hibernate: alter table tbl_aluno add constraint UKdwu59xakjxy05pb0r7kjwwklg unique (e_id)
Hibernate: alter table tbl_aluno add constraint FK6vx1nr70lp4fu69dti1cbxd6s foreign key (e_id) references endereco (id)
Hibernate: alter table tbl_aluno_professores add constraint FKcf1pbv9x1gjh5p6f56vflumtt foreign key (professores_id) references tbl_professor (id)
Hibernate: alter table tbl_aluno_professores add constraint FKgj19djwq02y8oymn1snttd45y foreign key (aluno_id) references tbl_aluno (id)
Hibernate: alter table tbl_telefone add constraint FKadhj3yqb2f15keewlxss1foga foreign key (aluno_id) references tbl_aluno (id)
Hibernate: alter table tbl_turma add constraint FKngemwqym9i4ugrafvvjmtiigt foreign key (disciplina_id) references tbl_disciplina (id)
Hibernate: alter table tbl_turma add constraint FKr4lpysb19r4g6gsttaapmtawf foreign key (professor_id) references tbl_professor (id)
Hibernate: alter table tbl_turma add constraint FK42i6jpj2dnw4i1j29c0v6qaj5 foreign key (semestre_id) references tbl_semestre (id)
Hibernate: alter table turma_aluno add constraint FKdqwcdyxo1xbh15arlik3070qn foreign key (aluno_id) references tbl_aluno (id)
Hibernate: alter table turma_aluno add constraint FKrfrg2dfkh7ppsgwycpfm0dni9 foreign key (turma_id) references tbl_turma (id)
2025-02-17T19:40:44.252-03:00  INFO 32666 --- [meuprimeirospringboot] [           main] j.LocalContainerEntityManagerFactoryBean : Initialized JPA EntityManagerFactory for persistence unit 'default'
2025-02-17T19:40:44.485-03:00  INFO 32666 --- [meuprimeirospringboot] [           main] o.s.d.j.r.query.QueryEnhancerFactory     : Hibernate is in classpath; If applicable, HQL parser will be used.
2025-02-17T19:40:44.998-03:00  WARN 32666 --- [meuprimeirospringboot] [           main] JpaBaseConfiguration$JpaWebConfiguration : spring.jpa.open-in-view is enabled by default. Therefore, database queries may be performed during view rendering. Explicitly configure spring.jpa.open-in-view to disable this warning
2025-02-17T19:40:45.260-03:00  INFO 32666 --- [meuprimeirospringboot] [           main] r$InitializeUserDetailsManagerConfigurer : Global AuthenticationManager configured with UserDetailsService bean with name userDetailsService
2025-02-17T19:40:45.323-03:00  INFO 32666 --- [meuprimeirospringboot] [           main] o.s.b.a.w.s.WelcomePageHandlerMapping    : Adding welcome page template: index
2025-02-17T19:40:46.450-03:00  INFO 32666 --- [meuprimeirospringboot] [           main] .m.MeuprimeirospringbootApplicationTests : Started MeuprimeirospringbootApplicationTests in 9.749 seconds (process running for 10.688)
]]></system-out>
  </testcase>
</testsuite>